INFO Deployment Started
INFO Loading Configuration
ERROR DB_URL missing
ERROR API_KEY missing
ERROR JWT_SECRET missing
INFO Connecting Database
ERROR Database connection failed
WARNING Low Disk Space
INFO Running Unit Tests
ERROR Test cases failed
ERROR Test cases failed
INFO Building Docker Image
ERROR Docker build failed
ERROR Docker daemon not running
INFO Pushing Docker Image
ERROR Docker registry authentication failed
INFO Deploying to Kubernetes
ERROR Kubernetes deployment failed
ERROR Kubernetes pod crashloopbackoff
WARNING Resource quota exceeded
INFO Sending Notifications
ERROR Slack webhook failed
INFO Deployment Failed
ERROR: Database connection failed
CrashLoopBackOff
ImagePullBackOff
JWT_SECRET missing
OOMKilled
ErrImagePull
